Running main() from ..\third_party\googletest\googletest\src\gtest_main.cc
[==========] Running 4 tests from 1 test suite.
[----------] Global test environment set-up.
[----------] 4 tests from LoggerTests
[ RUN      ] LoggerTests.DefaultLevel
[       OK ] LoggerTests.DefaultLevel (1 ms)
[ RUN      ] LoggerTests.UseConsoleLoggerOutOfTheBox
[17:29:04 +01:00]  warning ..\tests\cpp\RedlandWrapper\LoggerTests.cpp:45 Displayed to console 
[       OK ] LoggerTests.UseConsoleLoggerOutOfTheBox (1 ms)
[ RUN      ] LoggerTests.SwitchToFileLogger
[       OK ] LoggerTests.SwitchToFileLogger (0 ms)
[ RUN      ] LoggerTests.UseFileLogger
"D:\\libOmexMeta\\cmake-build-release\\docs\\log.log"
[       OK ] LoggerTests.UseFileLogger (8 ms)
[----------] 4 tests from LoggerTests (10 ms total)

[----------] Global test environment tear-down
[==========] 4 tests from 1 test suite ran. (10 ms total)
[  PASSED  ] 4 tests.
